\BOOKMARK [1][-]{section.1}{\376\377\137\025\212\000}{}% 1
\BOOKMARK [1][-]{section.2}{\376\377\166\370\121\163\135\345\117\134}{}% 2
\BOOKMARK [2][-]{subsection.2.1}{\376\377\226\306\116\055\137\017\145\345\137\327\150\010}{section.2}% 3
\BOOKMARK [2][-]{subsection.2.2}{\376\377\221\307\150\067\116\016\217\375\216\052\121\163\200\124}{section.2}% 4
\BOOKMARK [2][-]{subsection.2.3}{\376\377\217\271\177\030\221\307\226\306\116\016\123\357\227\140\117\040\217\223}{section.2}% 5
\BOOKMARK [2][-]{subsection.2.4}{\376\377\000A\000I\000O\000p\000s\000\040\133\236\215\365\116\016\150\007\121\306\123\026}{section.2}% 6
\BOOKMARK [2][-]{subsection.2.5}{\376\377\145\345\137\327\211\343\147\220\116\016\145\105\226\234\213\312\145\255}{section.2}% 7
\BOOKMARK [2][-]{subsection.2.6}{\376\377\137\256\147\015\122\241\135\345\172\013\116\016\116\221\123\237\165\037\165\037\140\001}{section.2}% 8
\BOOKMARK [2][-]{subsection.2.7}{\376\377\145\260\121\164\221\307\226\306\142\200\147\057}{section.2}% 9
\BOOKMARK [2][-]{subsection.2.8}{\376\377\116\016\116\343\210\150\140\047\145\271\150\110\133\371\153\324}{section.2}% 10
\BOOKMARK [2][-]{subsection.2.9}{\376\377\147\054\145\207\133\232\117\115}{section.2}% 11
\BOOKMARK [1][-]{section.3}{\376\377\174\373\176\337\140\073\117\123\213\276\213\241}{}% 12
\BOOKMARK [2][-]{subsection.3.1}{\376\377\147\266\147\204\151\202\217\360}{section.3}% 13
\BOOKMARK [2][-]{subsection.3.2}{\376\377\135\345\117\134\155\101\172\013}{section.3}% 14
\BOOKMARK [2][-]{subsection.3.3}{\376\377\220\350\177\162\152\041\137\017}{section.3}% 15
\BOOKMARK [1][-]{section.4}{\376\377\121\163\225\056\173\227\154\325}{}% 16
\BOOKMARK [2][-]{subsection.4.1}{\376\377\121\163\154\350\156\005\123\125\122\250\140\001\165\037\142\020}{section.4}% 17
\BOOKMARK [2][-]{subsection.4.2}{\376\377\126\372\133\232\177\023\133\130\127\127}{section.4}% 18
\BOOKMARK [2][-]{subsection.4.3}{\376\377\133\232\124\021\173\126\165\145\116\011\153\041\217\154\143\142}{section.4}% 19
\BOOKMARK [2][-]{subsection.4.4}{\376\377\123\213\122\233\141\037\167\345\143\007\145\160\220\000\220\177}{section.4}% 20
\BOOKMARK [1][-]{section.5}{\376\377\174\373\176\337\133\236\163\260}{}% 21
\BOOKMARK [2][-]{subsection.5.1}{\376\377\142\200\147\057\220\011\127\213}{section.5}% 22
\BOOKMARK [2][-]{subsection.5.2}{\376\377\152\041\127\127\122\022\122\006}{section.5}% 23
\BOOKMARK [2][-]{subsection.5.3}{\376\377\121\163\225\056\145\160\143\156\176\323\147\204\116\016\123\071\221\115\133\236\163\260}{section.5}% 24
\BOOKMARK [2][-]{subsection.5.4}{\376\377\220\350\177\162\221\115\177\156}{section.5}% 25
\BOOKMARK [2][-]{subsection.5.5}{\376\377\165\037\116\247\220\350\177\162\116\016\150\007\121\306\123\026\143\245\123\343}{section.5}% 26
\BOOKMARK [1][-]{section.6}{\376\377\133\236\232\214\116\016\122\006\147\220}{}% 27
\BOOKMARK [2][-]{subsection.6.1}{\376\377\163\257\130\203\116\016\145\271\154\325}{section.6}% 28
\BOOKMARK [2][-]{subsection.6.2}{\376\377\170\024\172\166\225\356\230\230\116\016\143\007\150\007}{section.6}% 29
\BOOKMARK [2][-]{subsection.6.3}{\376\377\133\236\232\214\176\323\147\234}{section.6}% 30
\BOOKMARK [2][-]{subsection.6.4}{\376\377\123\357\131\015\163\260\140\047\116\016\145\110\136\246\132\001\200\301}{section.6}% 31
\BOOKMARK [2][-]{subsection.6.5}{\376\377\211\304\152\041\142\151\134\125\116\016\215\050\221\317\143\007\150\007}{section.6}% 32
\BOOKMARK [2][-]{subsection.6.6}{\376\377\135\345\116\032\127\372\176\277\133\371\161\147}{section.6}% 33
\BOOKMARK [2][-]{subsection.6.7}{\376\377\122\151\117\131\134\100\226\120\116\016\124\016\176\355\135\345\117\134}{section.6}% 34
\BOOKMARK [1][-]{section.7}{\376\377\176\323\147\137\213\355}{}% 35
