\BOOKMARK [1][-]{section.1}{\376\377\137\025\212\000}{}% 1
\BOOKMARK [1][-]{section.2}{\376\377\166\370\121\163\135\345\117\134}{}% 2
\BOOKMARK [2][-]{subsection.2.1}{\376\377\226\306\116\055\137\017\145\345\137\327\150\010}{section.2}% 3
\BOOKMARK [2][-]{subsection.2.2}{\376\377\221\307\150\067\116\016\217\375\216\052\121\163\200\124}{section.2}% 4
\BOOKMARK [2][-]{subsection.2.3}{\376\377\217\271\177\030\221\307\226\306\116\016\123\357\227\140\117\040\217\223}{section.2}% 5
\BOOKMARK [2][-]{subsection.2.4}{\376\377\147\054\145\207\133\232\117\115}{section.2}% 6
\BOOKMARK [1][-]{section.3}{\376\377\174\373\176\337\140\073\117\123\213\276\213\241}{}% 7
\BOOKMARK [2][-]{subsection.3.1}{\376\377\147\266\147\204\151\202\217\360}{section.3}% 8
\BOOKMARK [2][-]{subsection.3.2}{\376\377\135\345\117\134\155\101\172\013}{section.3}% 9
\BOOKMARK [2][-]{subsection.3.3}{\376\377\220\350\177\162\152\041\137\017}{section.3}% 10
\BOOKMARK [1][-]{section.4}{\376\377\121\163\225\056\173\227\154\325}{}% 11
\BOOKMARK [2][-]{subsection.4.1}{\376\377\121\163\154\350\156\005\123\125\122\250\140\001\165\037\142\020}{section.4}% 12
\BOOKMARK [2][-]{subsection.4.2}{\376\377\126\372\133\232\177\023\133\130\127\127}{section.4}% 13
\BOOKMARK [2][-]{subsection.4.3}{\376\377\133\232\124\021\173\126\165\145\116\011\153\041\217\154\143\142}{section.4}% 14
\BOOKMARK [2][-]{subsection.4.4}{\376\377\123\213\122\233\141\037\167\345\143\007\145\160\220\000\220\177}{section.4}% 15
\BOOKMARK [1][-]{section.5}{\376\377\174\373\176\337\133\236\163\260}{}% 16
\BOOKMARK [2][-]{subsection.5.1}{\376\377\142\200\147\057\220\011\127\213}{section.5}% 17
\BOOKMARK [2][-]{subsection.5.2}{\376\377\152\041\127\127\122\022\122\006}{section.5}% 18
\BOOKMARK [2][-]{subsection.5.3}{\376\377\220\350\177\162\221\115\177\156}{section.5}% 19
\BOOKMARK [1][-]{section.6}{\376\377\133\236\232\214\116\016\122\006\147\220}{}% 20
\BOOKMARK [2][-]{subsection.6.1}{\376\377\163\257\130\203\116\016\145\271\154\325}{section.6}% 21
\BOOKMARK [2][-]{subsection.6.2}{\376\377\133\236\232\214\176\323\147\234}{section.6}% 22
\BOOKMARK [2][-]{subsection.6.3}{\376\377\213\250\213\272}{section.6}% 23
\BOOKMARK [1][-]{section.7}{\376\377\176\323\147\137\213\355}{}% 24
